Determining if the pthread_create exist failed with the following output:
Change Dir: /home/seoulrobotics/repos/argos_driver/build/CMakeFiles/CMakeTmp

Run Build Command:"/usr/bin/ninja" "cmTC_6c25b"
[1/2] Building C object CMakeFiles/cmTC_6c25b.dir/CheckSymbolExists.c.o
[2/2] Linking C executable cmTC_6c25b
FAILED: cmTC_6c25b 
: && /usr/bin/gcc-7   -rdynamic CMakeFiles/cmTC_6c25b.dir/CheckSymbolExists.c.o  -o cmTC_6c25b   && :
CMakeFiles/cmTC_6c25b.dir/CheckSymbolExists.c.o: In function `main':
CheckSymbolExists.c:(.text+0x1b): undefined reference to `pthread_create'
collect2: error: ld returned 1 exit status
ninja: build stopped: subcommand failed.

File /home/seoulrobotics/repos/argos_driver/build/CMakeFiles/CMakeTmp/CheckSymbolExists.c:
/* */
#include <pthread.h>

int main(int argc, char** argv)
{
  (void)argv;
#ifndef pthread_create
  return ((int*)(&pthread_create))[argc];
#else
  (void)argc;
  return 0;
#endif
}

Determining if the function pthread_create exists in the pthreads failed with the following output:
Change Dir: /home/seoulrobotics/repos/argos_driver/build/CMakeFiles/CMakeTmp

Run Build Command:"/usr/bin/ninja" "cmTC_65aac"
[1/2] Building C object CMakeFiles/cmTC_65aac.dir/CheckFunctionExists.c.o
[2/2] Linking C executable cmTC_65aac
FAILED: cmTC_65aac 
: && /usr/bin/gcc-7 -DCHECK_FUNCTION_EXISTS=pthread_create  -rdynamic CMakeFiles/cmTC_65aac.dir/CheckFunctionExists.c.o  -o cmTC_65aac  -lpthreads && :
/usr/bin/ld: cannot find -lpthreads
collect2: error: ld returned 1 exit status
ninja: build stopped: subcommand failed.


